<words><word quantity="2">&#1074;&#1086;&#1074;&#1082;</word><word quantity="2">&#1087;&#1080;&#1090;&#1072;&#1085;&#1085;&#1103;</word><word quantity="1">&#1088;&#1072;&#1076;&#1072;</word><word quantity="1">&#1087;&#1088;&#1077;&#1076;&#1089;&#1090;&#1072;&#1074;&#1085;&#1080;&#1082;</word></words>